<?xml version="1.0" encoding="UTF-8"?>
<testsuite xmlns:xsi="http://www.w3.org/2001/XMLSchema-instance" xsi:noNamespaceSchemaLocation="https://maven.apache.org/surefire/maven-surefire-plugin/xsd/surefire-test-report-3.0.xsd" version="3.0" name="TestSuite" time="12.591" tests="16" errors="0" skipped="0" failures="5">
  <properties>
[...]
</properties>
  <testcase name="postOrderPlaced_SuccessResponse" classname="storeOrders.PostStoreOrders" time="0.787">
    <failure message="&#10;Conversion issue on parameter: expectedSLA" type="org.testng.TestNGException"><![CDATA[org.testng.TestNGException: 

Conversion issue on parameter: expectedSLA
Caused by: java.lang.NumberFormatException: For input string: ""
]]></failure>
    <system-out><![CDATA[[Configuration] [WARN] Detected a static method [storeOrders.EnvironmentSetup.Env_setup()]. Static configuration methods can cause  unexpected behavior.
]]></system-out>
    <system-err><![CDATA[SLF4J: Failed to load class "org.slf4j.impl.StaticLoggerBinder".
SLF4J: Defaulting to no-operation (NOP) logger implementation
SLF4J: See http://www.slf4j.org/codes.html#StaticLoggerBinder for further details.
log4j:WARN No appenders could be found for logger (storeOrders.EnvironmentSetup).
log4j:WARN Please initialize the log4j system properly.
log4j:WARN See http://logging.apache.org/log4j/1.2/faq.html#noconfig for more info.
[Utils] [ERROR] [Error] java.lang.NumberFormatException: For input string: &quot;&quot;
	at java.lang.NumberFormatException.forInputString(NumberFormatException.java:65)
	at java.lang.Long.parseLong(Long.java:601)
	at java.lang.Long.valueOf(Long.java:803)
	at org.testng.internal.Parameters.convertType(Parameters.java:524)
	at org.testng.internal.Parameters.createParams(Parameters.java:273)
	at org.testng.internal.Parameters.createParametersForMethod(Parameters.java:358)
	at org.testng.internal.Parameters.createParameters(Parameters.java:700)
	at org.testng.internal.Parameters.handleParameters(Parameters.java:884)
	at org.testng.internal.Parameters.handleParameters(Parameters.java:740)
	at org.testng.internal.ParameterHandler.handleParameters(ParameterHandler.java:59)
	at org.testng.internal.ParameterHandler.createParameters(ParameterHandler.java:38)
	at org.testng.internal.TestInvoker$MethodInvocationAgent.invoke(TestInvoker.java:791)
	at org.testng.internal.TestInvoker.invokeTestMethods(TestInvoker.java:146)
	at org.testng.internal.TestMethodWorker.invokeTestMethods(TestMethodWorker.java:146)
	at org.testng.internal.TestMethodWorker.run(TestMethodWorker.java:128)
	at java.util.ArrayList.forEach(ArrayList.java:1259)
	at org.testng.TestRunner.privateRun(TestRunner.java:794)
	at org.testng.TestRunner.run(TestRunner.java:596)
	at org.testng.SuiteRunner.runTest(SuiteRunner.java:377)
	at org.testng.SuiteRunner.runSequentially(SuiteRunner.java:371)
	at org.testng.SuiteRunner.privateRun(SuiteRunner.java:332)
	at org.testng.SuiteRunner.run(SuiteRunner.java:276)
	at org.testng.SuiteRunnerWorker.runSuite(SuiteRunnerWorker.java:53)
	at org.testng.SuiteRunnerWorker.run(SuiteRunnerWorker.java:96)
	at org.testng.TestNG.runSuitesSequentially(TestNG.java:1212)
	at org.testng.TestNG.runSuitesLocally(TestNG.java:1134)
	at org.testng.TestNG.runSuites(TestNG.java:1063)
	at org.testng.TestNG.run(TestNG.java:1031)
	at org.apache.maven.surefire.testng.TestNGExecutor.run(TestNGExecutor.java:284)
	at org.apache.maven.surefire.testng.TestNGXmlTestSuite.execute(TestNGXmlTestSuite.java:75)
	at org.apache.maven.surefire.testng.TestNGProvider.invoke(TestNGProvider.java:119)
	at org.apache.maven.surefire.booter.ForkedBooter.runSuitesInProcess(ForkedBooter.java:428)
	at org.apache.maven.surefire.booter.ForkedBooter.execute(ForkedBooter.java:162)
	at org.apache.maven.surefire.booter.ForkedBooter.run(ForkedBooter.java:562)
	at org.apache.maven.surefire.booter.ForkedBooter.main(ForkedBooter.java:548)

]]></system-err>
  </testcase>
  <testcase name="postOrder_InvalidStatusOrderResponse" classname="storeOrders.PostStoreOrders" time="1.724">
    <failure message="expected [400] but found [500]" type="java.lang.AssertionError"><![CDATA[java.lang.AssertionError: expected [400] but found [500]
	at storeOrders.PostStoreOrders.postOrder_InvalidStatusOrderResponse(PostStoreOrders.java:99)
]]></failure>
    <system-out><![CDATA[{
    "code": 500,
    "type": "unknown",
    "message": "something bad happened"
}
{
    "code": 500,
    "type": "unknown",
    "message": "something bad happened"
}
]]></system-out>
  </testcase>
  <testcase name="postStoreOrderTestData[1, 1, 1, 2022-03-30T20:53:08.651Z, placed, TRUE](1)" classname="storeOrders.PostStoreOrders" time="1.176">
    <system-out><![CDATA[{
    "id": 1,
    "petId": 1,
    "quantity": 1,
    "shipDate": "2022-03-30T20:53:08.651+0000",
    "status": "placed",
    "complete": true
}
{
    "id": 1,
    "petId": 1,
    "quantity": 1,
    "shipDate": "2022-03-30T20:53:08.651+0000",
    "status": "placed",
    "complete": true
}
]]></system-out>
  </testcase>
  <testcase name="postStoreOrderTestData[2, 1, 1, 2022-03-30T20:54:08.651Z, approved, TRUE](2)" classname="storeOrders.PostStoreOrders" time="0.809">
    <system-out><![CDATA[{
    "id": 2,
    "petId": 1,
    "quantity": 1,
    "shipDate": "2022-03-30T20:54:08.651+0000",
    "status": "approved",
    "complete": true
}
{
    "id": 2,
    "petId": 1,
    "quantity": 1,
    "shipDate": "2022-03-30T20:54:08.651+0000",
    "status": "approved",
    "complete": true
}
]]></system-out>
  </testcase>
  <testcase name="postStoreOrderTestData[3, 1, 1, 2022-03-30T20:55:08.651Z, delivered, TRUE](3)" classname="storeOrders.PostStoreOrders" time="0.594">
    <system-out><![CDATA[{
    "id": 3,
    "petId": 1,
    "quantity": 1,
    "shipDate": "2022-03-30T20:55:08.651+0000",
    "status": "delivered",
    "complete": true
}
{
    "id": 3,
    "petId": 1,
    "quantity": 1,
    "shipDate": "2022-03-30T20:55:08.651+0000",
    "status": "delivered",
    "complete": true
}
]]></system-out>
  </testcase>
  <testcase name="postStoreOrderTestData[4, 1, 1, 2022-03-30T20:56:08.651Z, placed, FALSE](4)" classname="storeOrders.PostStoreOrders" time="0.941">
    <system-out><![CDATA[{
    "id": 4,
    "petId": 1,
    "quantity": 1,
    "shipDate": "2022-03-30T20:56:08.651+0000",
    "status": "placed",
    "complete": false
}
{
    "id": 4,
    "petId": 1,
    "quantity": 1,
    "shipDate": "2022-03-30T20:56:08.651+0000",
    "status": "placed",
    "complete": false
}
]]></system-out>
  </testcase>
  <testcase name="postStoreOrderTestData[5, 1, 1, 2022-03-30T20:57:08.651Z, approved, FALSE](5)" classname="storeOrders.PostStoreOrders" time="0.814">
    <system-out><![CDATA[{
    "id": 5,
    "petId": 1,
    "quantity": 1,
    "shipDate": "2022-03-30T20:57:08.651+0000",
    "status": "approved",
    "complete": false
}
{
    "id": 5,
    "petId": 1,
    "quantity": 1,
    "shipDate": "2022-03-30T20:57:08.651+0000",
    "status": "approved",
    "complete": false
}
]]></system-out>
  </testcase>
  <testcase name="postStoreOrderTestData[6, 1, 1, 2022-03-30T20:58:08.651Z, delivered, FALSE](6)" classname="storeOrders.PostStoreOrders" time="0.591">
    <system-out><![CDATA[{
    "id": 6,
    "petId": 1,
    "quantity": 1,
    "shipDate": "2022-03-30T20:58:08.651+0000",
    "status": "delivered",
    "complete": false
}
{
    "id": 6,
    "petId": 1,
    "quantity": 1,
    "shipDate": "2022-03-30T20:58:08.651+0000",
    "status": "delivered",
    "complete": false
}
]]></system-out>
  </testcase>
  <testcase name="postStoreOrderTestData[7, 1, 1, 2022-03-30T20:59:08.651Z, placesdsdd, TRUE](7)" classname="storeOrders.PostStoreOrders" time="0.94">
    <system-out><![CDATA[{
    "id": 7,
    "petId": 1,
    "quantity": 1,
    "shipDate": "2022-03-30T20:59:08.651+0000",
    "status": "placesdsdd",
    "complete": true
}
{
    "id": 7,
    "petId": 1,
    "quantity": 1,
    "shipDate": "2022-03-30T20:59:08.651+0000",
    "status": "placesdsdd",
    "complete": true
}
]]></system-out>
  </testcase>
  <testcase name="postStoreOrderTestData[null, null, null, null, null, null](8)" classname="storeOrders.PostStoreOrders" time="0">
    <failure message="null" type="java.lang.NumberFormatException"><![CDATA[java.lang.NumberFormatException: null
	at storeOrders.PostStoreOrders.getStoreJsonString(PostStoreOrders.java:140)
	at storeOrders.PostStoreOrders.postStoreOrderTestData(PostStoreOrders.java:112)
]]></failure>
  </testcase>
  <testcase name="getOrder_Id_InvalidResponse" classname="storeOrders.GetStoreOrders" time="0.658">
    <failure message="expected [400] but found [404]" type="java.lang.AssertionError"><![CDATA[java.lang.AssertionError: expected [400] but found [404]
	at storeOrders.GetStoreOrders.getOrder_Id_InvalidResponse(GetStoreOrders.java:82)
]]></failure>
    <system-out><![CDATA[{
    "code": 1,
    "type": "error",
    "message": "Order not found"
}
{
    "code": 1,
    "type": "error",
    "message": "Order not found"
}
]]></system-out>
  </testcase>
  <testcase name="getOrder_NotFoundResponse" classname="storeOrders.GetStoreOrders" time="0.618">
    <system-out><![CDATA[{
    "code": 1,
    "type": "error",
    "message": "Order not found"
}
{
    "code": 1,
    "type": "error",
    "message": "Order not found"
}
]]></system-out>
  </testcase>
  <testcase name="getOrder_SuccessResponse" classname="storeOrders.GetStoreOrders" time="0.639">
    <system-out><![CDATA[{
    "id": 1,
    "petId": 1,
    "quantity": 1,
    "shipDate": "2022-03-30T20:53:08.651+0000",
    "status": "placed",
    "complete": true
}
{
    "id": 1,
    "petId": 1,
    "quantity": 1,
    "shipDate": "2022-03-30T20:53:08.651+0000",
    "status": "placed",
    "complete": true
}
]]></system-out>
  </testcase>
  <testcase name="deleteOrder_InvalidResponse" classname="storeOrders.DeleteStoreOrders" time="0.537">
    <failure message="expected [400] but found [404]" type="java.lang.AssertionError"><![CDATA[java.lang.AssertionError: expected [400] but found [404]
	at storeOrders.DeleteStoreOrders.deleteOrder_InvalidResponse(DeleteStoreOrders.java:75)
]]></failure>
    <system-out><![CDATA[{
    "code": 404,
    "type": "unknown",
    "message": "Order Not Found"
}
{
    "code": 404,
    "type": "unknown",
    "message": "Order Not Found"
}
]]></system-out>
  </testcase>
  <testcase name="deleteOrder_NotFoundResponse" classname="storeOrders.DeleteStoreOrders" time="0.549">
    <system-out><![CDATA[{
    "code": 404,
    "type": "unknown",
    "message": "Order Not Found"
}
{
    "code": 404,
    "type": "unknown",
    "message": "Order Not Found"
}
]]></system-out>
  </testcase>
  <testcase name="deleteOrder_SuccessResponse" classname="storeOrders.DeleteStoreOrders" time="0.595">
    <system-out><![CDATA[{
    "code": 200,
    "type": "unknown",
    "message": "1"
}
{
    "code": 200,
    "type": "unknown",
    "message": "1"
}
]]></system-out>
  </testcase>
</testsuite>